  pch.cpp
  crackdetection.cpp
  dllmain.cpp
  Generating Code...
     Creating library C:\Users\jrgbk4\Documents\CrackDetection\ARM\Debug\CrackDetection.lib and object C:\Users\jrgbk4\Documents\CrackDetection\ARM\Debug\CrackDetection.exp
crackdetection.obj : error LNK2019: unresolved external symbol "void __cdecl cv::error(int,class std::basic_string<char,struct std::char_traits<char>,class std::allocator<char> > const &,char const *,char const *,int)" (?error@cv@@YAXHABV?$basic_string@DU?$char_traits@D@std@@V?$allocator@D@2@@std@@PBD1H@Z) referenced in function "public: unsigned char & __cdecl cv::Mat::at<unsigned char>(int,int)" (??$at@E@Mat@cv@@QAAAAEHH@Z)
crackdetection.obj : error LNK2019: unresolved external symbol "public: __cdecl cv::Mat::Mat(void)" (??0Mat@cv@@QAA@XZ) referenced in function "class cv::Mat __cdecl crack_detection(class cv::Mat,int,int)" (?crack_detection@@YA?AVMat@cv@@V12@HH@Z)
crackdetection.obj : error LNK2019: unresolved external symbol "public: __cdecl cv::Mat::Mat(class cv::Mat const &)" (??0Mat@cv@@QAA@ABV01@@Z) referenced in function processCrack
crackdetection.obj : error LNK2019: unresolved external symbol "public: __cdecl cv::Mat::Mat(int,int,int,void *,unsigned int)" (??0Mat@cv@@QAA@HHHPAXI@Z) referenced in function processCrack
crackdetection.obj : error LNK2019: unresolved external symbol "public: __cdecl cv::Mat::~Mat(void)" (??1Mat@cv@@QAA@XZ) referenced in function processCrack
crackdetection.obj : error LNK2019: unresolved external symbol "public: static class cv::MatExpr __cdecl cv::Mat::zeros(int,int,int)" (?zeros@Mat@cv@@SA?AVMatExpr@2@HHH@Z) referenced in function "class cv::Mat __cdecl crack_detection(class cv::Mat,int,int)" (?crack_detection@@YA?AVMat@cv@@V12@HH@Z)
crackdetection.obj : error LNK2019: unresolved external symbol "public: static class cv::MatExpr __cdecl cv::Mat::ones(int,int,int)" (?ones@Mat@cv@@SA?AVMatExpr@2@HHH@Z) referenced in function "class cv::Mat __cdecl line_strel(int,int)" (?line_strel@@YA?AVMat@cv@@HH@Z)
crackdetection.obj : error LNK2019: unresolved external symbol "public: static class cv::MatExpr __cdecl cv::Mat::eye(int,int,int)" (?eye@Mat@cv@@SA?AVMatExpr@2@HHH@Z) referenced in function "class cv::Mat __cdecl line_strel(int,int)" (?line_strel@@YA?AVMat@cv@@HH@Z)
crackdetection.obj : error LNK2019: unresolved external symbol "public: __cdecl cv::Mat::Mat(class cv::Mat &&)" (??0Mat@cv@@QAA@$$QAV01@@Z) referenced in function "class cv::Mat __cdecl combineImage(class cv::Mat,class cv::Mat,class cv::Mat,class cv::Mat,class cv::Mat,int,int,int,int)" (?combineImage@@YA?AVMat@cv@@V12@0000HHHH@Z)
crackdetection.obj : error LNK2019: unresolved external symbol "public: class cv::Mat & __cdecl cv::Mat::operator=(class cv::Mat &&)" (??4Mat@cv@@QAAAAV01@$$QAV01@@Z) referenced in function processCrack
crackdetection.obj : error LNK2019: unresolved external symbol "class cv::MatExpr __cdecl cv::operator-(class cv::Mat const &,class cv::Mat const &)" (??Gcv@@YA?AVMatExpr@0@ABVMat@0@0@Z) referenced in function "public: __cdecl `class cv::Mat __cdecl crack_detection(class cv::Mat,int,int)'::`2'::<lambda_1>::operator()(void)const " (??R<lambda_1>@?1??crack_detection@@YA?AVMat@cv@@V23@HH@Z@QBA@XZ)
crackdetection.obj : error LNK2019: unresolved external symbol "class cv::MatExpr __cdecl cv::max(class cv::Mat const &,class cv::Mat const &)" (?max@cv@@YA?AVMatExpr@1@ABVMat@1@0@Z) referenced in function "public: __cdecl `class cv::Mat __cdecl crack_detection(class cv::Mat,int,int)'::`2'::<lambda_1>::operator()(void)const " (??R<lambda_1>@?1??crack_detection@@YA?AVMat@cv@@V23@HH@Z@QBA@XZ)
crackdetection.obj : error LNK2019: unresolved external symbol "void __cdecl cv::flip(class cv::debug_build_guard::_InputArray const &,class cv::debug_build_guard::_OutputArray const &,int)" (?flip@cv@@YAXABV_InputArray@debug_build_guard@1@ABV_OutputArray@31@H@Z) referenced in function "class cv::Mat __cdecl line_strel(int,int)" (?line_strel@@YA?AVMat@cv@@HH@Z)
crackdetection.obj : error LNK2019: unresolved external symbol "void __cdecl cv::rotate(class cv::debug_build_guard::_InputArray const &,class cv::debug_build_guard::_OutputArray const &,int)" (?rotate@cv@@YAXABV_InputArray@debug_build_guard@1@ABV_OutputArray@31@H@Z) referenced in function "class cv::Mat __cdecl line_strel(int,int)" (?line_strel@@YA?AVMat@cv@@HH@Z)
crackdetection.obj : error LNK2019: unresolved external symbol "void __cdecl cv::morphologyEx(class cv::debug_build_guard::_InputArray const &,class cv::debug_build_guard::_OutputArray const &,int,class cv::debug_build_guard::_InputArray const &,class cv::Point_<int>,int,int,class cv::Scalar_<double> const &)" (?morphologyEx@cv@@YAXABV_InputArray@debug_build_guard@1@ABV_OutputArray@31@H0V?$Point_@H@1@HHABV?$Scalar_@N@1@@Z) referenced in function "public: __cdecl `class cv::Mat __cdecl crack_detection(class cv::Mat,int,int)'::`2'::<lambda_1>::operator()(void)const " (??R<lambda_1>@?1??crack_detection@@YA?AVMat@cv@@V23@HH@Z@QBA@XZ)
crackdetection.obj : error LNK2019: unresolved external symbol "void __cdecl cv::resize(class cv::debug_build_guard::_InputArray const &,class cv::debug_build_guard::_OutputArray const &,class cv::Size_<int>,double,double,int)" (?resize@cv@@YAXABV_InputArray@debug_build_guard@1@ABV_OutputArray@31@V?$Size_@H@1@NNH@Z) referenced in function processCrack
crackdetection.obj : error LNK2019: unresolved external symbol "double __cdecl cv::threshold(class cv::debug_build_guard::_InputArray const &,class cv::debug_build_guard::_OutputArray const &,double,double,int)" (?threshold@cv@@YANABV_InputArray@debug_build_guard@1@ABV_OutputArray@31@NNH@Z) referenced in function "class cv::Mat __cdecl crack_detection(class cv::Mat,int,int)" (?crack_detection@@YA?AVMat@cv@@V12@HH@Z)
crackdetection.obj : error LNK2019: unresolved external symbol "void __cdecl cv::cvtColor(class cv::debug_build_guard::_InputArray const &,class cv::debug_build_guard::_OutputArray const &,int,int)" (?cvtColor@cv@@YAXABV_InputArray@debug_build_guard@1@ABV_OutputArray@31@HH@Z) referenced in function processCrack
c:\opencv\build\x64\vc16\lib\opencv_world470d.lib : warning LNK4272: library machine type 'x64' conflicts with target machine type 'ARM'
C:\Users\jrgbk4\Documents\CrackDetection\ARM\Debug\CrackDetection.dll : fatal error LNK1120: 18 unresolved externals
